C:\USERS\ORELDM\DESKTOP\UNIVERSITY_1310\UNIVERSITY\DEBUG\UNIVERSITY.EXE
C:\USERS\ORELDM\DESKTOP\UNIVERSITY_1310\UNIVERSITY\DEBUG\UNIVERSITY.ILK
C:\USERS\ORELDM\DESKTOP\UNIVERSITY_1310\UNIVERSITY\DEBUG\UNIVERSITY.PDB
C:\USERS\ORELDM\DESKTOP\UNIVERSITY_1310\UNIVERSITY\UNIVERSITY\DEBUG\ADDRESS.OBJ
C:\Users\oreldm\Desktop\University_1310\University\University\Debug\cl.command.1.tlog
C:\Users\oreldm\Desktop\University_1310\University\University\Debug\CL.read.1.tlog
C:\Users\oreldm\Desktop\University_1310\University\University\Debug\CL.write.1.tlog
C:\USERS\ORELDM\DESKTOP\UNIVERSITY_1310\UNIVERSITY\UNIVERSITY\DEBUG\CLASSROOM.OBJ
C:\USERS\ORELDM\DESKTOP\UNIVERSITY_1310\UNIVERSITY\UNIVERSITY\DEBUG\CLEANER.OBJ
C:\USERS\ORELDM\DESKTOP\UNIVERSITY_1310\UNIVERSITY\UNIVERSITY\DEBUG\COURSE.OBJ
C:\USERS\ORELDM\DESKTOP\UNIVERSITY_1310\UNIVERSITY\UNIVERSITY\DEBUG\DATE.OBJ
C:\USERS\ORELDM\DESKTOP\UNIVERSITY_1310\UNIVERSITY\UNIVERSITY\DEBUG\DEPARTMENT.OBJ
C:\USERS\ORELDM\DESKTOP\UNIVERSITY_1310\UNIVERSITY\UNIVERSITY\DEBUG\LECTURER.OBJ
C:\Users\oreldm\Desktop\University_1310\University\University\Debug\link.15480.read.1.tlog
C:\Users\oreldm\Desktop\University_1310\University\University\Debug\link.15480.write.1.tlog
C:\Users\oreldm\Desktop\University_1310\University\University\Debug\link.15480-cvtres.read.1.tlog
C:\Users\oreldm\Desktop\University_1310\University\University\Debug\link.15480-cvtres.write.1.tlog
C:\Users\oreldm\Desktop\University_1310\University\University\Debug\link.16872.read.1.tlog
C:\Users\oreldm\Desktop\University_1310\University\University\Debug\link.16872.write.1.tlog
C:\Users\oreldm\Desktop\University_1310\University\University\Debug\link.16872-cvtres.read.1.tlog
C:\Users\oreldm\Desktop\University_1310\University\University\Debug\link.16872-cvtres.write.1.tlog
C:\Users\oreldm\Desktop\University_1310\University\University\Debug\link.1704.read.1.tlog
C:\Users\oreldm\Desktop\University_1310\University\University\Debug\link.1704.write.1.tlog
C:\Users\oreldm\Desktop\University_1310\University\University\Debug\link.1704-cvtres.read.1.tlog
C:\Users\oreldm\Desktop\University_1310\University\University\Debug\link.1704-cvtres.write.1.tlog
C:\Users\oreldm\Desktop\University_1310\University\University\Debug\link.18104.read.1.tlog
C:\Users\oreldm\Desktop\University_1310\University\University\Debug\link.18104.write.1.tlog
C:\Users\oreldm\Desktop\University_1310\University\University\Debug\link.18104-cvtres.read.1.tlog
C:\Users\oreldm\Desktop\University_1310\University\University\Debug\link.18104-cvtres.write.1.tlog
C:\Users\oreldm\Desktop\University_1310\University\University\Debug\link.18128.read.1.tlog
C:\Users\oreldm\Desktop\University_1310\University\University\Debug\link.18128.write.1.tlog
C:\Users\oreldm\Desktop\University_1310\University\University\Debug\link.18128-cvtres.read.1.tlog
C:\Users\oreldm\Desktop\University_1310\University\University\Debug\link.18128-cvtres.write.1.tlog
C:\Users\oreldm\Desktop\University_1310\University\University\Debug\link.18300.read.1.tlog
C:\Users\oreldm\Desktop\University_1310\University\University\Debug\link.18300.write.1.tlog
C:\Users\oreldm\Desktop\University_1310\University\University\Debug\link.18300-cvtres.read.1.tlog
C:\Users\oreldm\Desktop\University_1310\University\University\Debug\link.18300-cvtres.write.1.tlog
C:\Users\oreldm\Desktop\University_1310\University\University\Debug\link.18888.read.1.tlog
C:\Users\oreldm\Desktop\University_1310\University\University\Debug\link.18888.write.1.tlog
C:\Users\oreldm\Desktop\University_1310\University\University\Debug\link.18888-cvtres.read.1.tlog
C:\Users\oreldm\Desktop\University_1310\University\University\Debug\link.18888-cvtres.write.1.tlog
C:\Users\oreldm\Desktop\University_1310\University\University\Debug\link.18956.read.1.tlog
C:\Users\oreldm\Desktop\University_1310\University\University\Debug\link.18956.write.1.tlog
C:\Users\oreldm\Desktop\University_1310\University\University\Debug\link.18956-cvtres.read.1.tlog
C:\Users\oreldm\Desktop\University_1310\University\University\Debug\link.18956-cvtres.write.1.tlog
C:\Users\oreldm\Desktop\University_1310\University\University\Debug\link.21180.read.1.tlog
C:\Users\oreldm\Desktop\University_1310\University\University\Debug\link.21180.write.1.tlog
C:\Users\oreldm\Desktop\University_1310\University\University\Debug\link.21180-cvtres.read.1.tlog
C:\Users\oreldm\Desktop\University_1310\University\University\Debug\link.21180-cvtres.write.1.tlog
C:\Users\oreldm\Desktop\University_1310\University\University\Debug\link.4736.read.1.tlog
C:\Users\oreldm\Desktop\University_1310\University\University\Debug\link.4736.write.1.tlog
C:\Users\oreldm\Desktop\University_1310\University\University\Debug\link.4736-cvtres.read.1.tlog
C:\Users\oreldm\Desktop\University_1310\University\University\Debug\link.4736-cvtres.write.1.tlog
C:\Users\oreldm\Desktop\University_1310\University\University\Debug\link.5136.read.1.tlog
C:\Users\oreldm\Desktop\University_1310\University\University\Debug\link.5136.write.1.tlog
C:\Users\oreldm\Desktop\University_1310\University\University\Debug\link.5136-cvtres.read.1.tlog
C:\Users\oreldm\Desktop\University_1310\University\University\Debug\link.5136-cvtres.write.1.tlog
C:\Users\oreldm\Desktop\University_1310\University\University\Debug\link.command.1.tlog
C:\Users\oreldm\Desktop\University_1310\University\University\Debug\link.read.1.tlog
C:\Users\oreldm\Desktop\University_1310\University\University\Debug\link.write.1.tlog
C:\Users\oreldm\Desktop\University_1310\University\University\Debug\link-cvtres.read.1.tlog
C:\Users\oreldm\Desktop\University_1310\University\University\Debug\link-cvtres.write.1.tlog
C:\USERS\ORELDM\DESKTOP\UNIVERSITY_1310\UNIVERSITY\UNIVERSITY\DEBUG\MAIN.OBJ
C:\Users\oreldm\Desktop\University_1310\University\University\Debug\mt.command.1.tlog
C:\Users\oreldm\Desktop\University_1310\University\University\Debug\mt.read.1.tlog
C:\Users\oreldm\Desktop\University_1310\University\University\Debug\mt.write.1.tlog
C:\USERS\ORELDM\DESKTOP\UNIVERSITY_1310\UNIVERSITY\UNIVERSITY\DEBUG\PERSON.OBJ
C:\Users\oreldm\Desktop\University_1310\University\University\Debug\rc.command.1.tlog
C:\Users\oreldm\Desktop\University_1310\University\University\Debug\rc.read.1.tlog
C:\Users\oreldm\Desktop\University_1310\University\University\Debug\rc.write.1.tlog
C:\USERS\ORELDM\DESKTOP\UNIVERSITY_1310\UNIVERSITY\UNIVERSITY\DEBUG\STUDENT.OBJ
C:\USERS\ORELDM\DESKTOP\UNIVERSITY_1310\UNIVERSITY\UNIVERSITY\DEBUG\TUTOR.OBJ
C:\USERS\ORELDM\DESKTOP\UNIVERSITY_1310\UNIVERSITY\UNIVERSITY\DEBUG\TUTORSTUDENT.OBJ
C:\USERS\ORELDM\DESKTOP\UNIVERSITY_1310\UNIVERSITY\UNIVERSITY\DEBUG\UNIVERSITY.EXE.EMBED.MANIFEST
C:\USERS\ORELDM\DESKTOP\UNIVERSITY_1310\UNIVERSITY\UNIVERSITY\DEBUG\UNIVERSITY.EXE.EMBED.MANIFEST.RES
C:\USERS\ORELDM\DESKTOP\UNIVERSITY_1310\UNIVERSITY\UNIVERSITY\DEBUG\UNIVERSITY.EXE.INTERMEDIATE.MANIFEST
C:\USERS\ORELDM\DESKTOP\UNIVERSITY_1310\UNIVERSITY\UNIVERSITY\DEBUG\UNIVERSITY.OBJ
C:\Users\oreldm\Desktop\University_1310\University\University\Debug\University.vcxprojResolveAssemblyReference.cache
C:\Users\oreldm\Desktop\University_1310\University\University\Debug\University.write.1.tlog
C:\Users\oreldm\Desktop\University_1310\University\University\Debug\University_manifest.rc
C:\Users\oreldm\Desktop\University_1310\University\University\Debug\vc100.idb
C:\USERS\ORELDM\DESKTOP\UNIVERSITY_1310\UNIVERSITY\UNIVERSITY\DEBUG\VC100.PDB
C:\USERS\ORELDM\DESKTOP\UNIVERSITY_1310\UNIVERSITY\UNIVERSITY\DEBUG\WORKER.OBJ
