Build started 19/10/2017 05:58:14.
     1>Project "C:\Users\ariel\Desktop\CPP Project\Part 3\University\University\University.vcxproj" on node 2 (build target(s)).
     1>InitializeBuildStatus:
         Creating "Debug\University.unsuccessfulbuild" because "AlwaysCreate" was specified.
       ClCompile:
         d:\DPrograms\Microsoft Visual Studio 10.0\VC\bin\CL.exe /c /ZI /nologo /W3 /WX- /Od /Oy- /D WIN32 /D _DEBUG /D _CONSOLE /D _UNICODE /D UNICODE /Gm /EHsc /RTC1 /MDd /GS /fp:precise /Zc:wchar_t /Zc:forScope /Fo"Debug\\" /Fd"Debug\vc100.pdb" /Gd /TP /analyze- /errorReport:prompt Person.cpp Student.cpp Tutor.cpp University.cpp Worker.cpp
         Worker.cpp
     1>c:\users\ariel\desktop\cpp project\part 3\university\university\address.h(26): warning C4290: C++ exception specification ignored except to indicate a function is not __declspec(nothrow)
     1>c:\users\ariel\desktop\cpp project\part 3\university\university\address.h(27): warning C4290: C++ exception specification ignored except to indicate a function is not __declspec(nothrow)
     1>c:\users\ariel\desktop\cpp project\part 3\university\university\address.h(28): warning C4290: C++ exception specification ignored except to indicate a function is not __declspec(nothrow)
     1>c:\users\ariel\desktop\cpp project\part 3\university\university\date.h(25): warning C4290: C++ exception specification ignored except to indicate a function is not __declspec(nothrow)
     1>c:\users\ariel\desktop\cpp project\part 3\university\university\date.h(26): warning C4290: C++ exception specification ignored except to indicate a function is not __declspec(nothrow)
     1>c:\users\ariel\desktop\cpp project\part 3\university\university\date.h(27): warning C4290: C++ exception specification ignored except to indicate a function is not __declspec(nothrow)
         University.cpp
     1>c:\users\ariel\desktop\cpp project\part 3\university\university\address.h(26): warning C4290: C++ exception specification ignored except to indicate a function is not __declspec(nothrow)
     1>c:\users\ariel\desktop\cpp project\part 3\university\university\address.h(27): warning C4290: C++ exception specification ignored except to indicate a function is not __declspec(nothrow)
     1>c:\users\ariel\desktop\cpp project\part 3\university\university\address.h(28): warning C4290: C++ exception specification ignored except to indicate a function is not __declspec(nothrow)
     1>c:\users\ariel\desktop\cpp project\part 3\university\university\date.h(25): warning C4290: C++ exception specification ignored except to indicate a function is not __declspec(nothrow)
     1>c:\users\ariel\desktop\cpp project\part 3\university\university\date.h(26): warning C4290: C++ exception specification ignored except to indicate a function is not __declspec(nothrow)
     1>c:\users\ariel\desktop\cpp project\part 3\university\university\date.h(27): warning C4290: C++ exception specification ignored except to indicate a function is not __declspec(nothrow)
     1>c:\users\ariel\desktop\cpp project\part 3\university\university\classroom.h(33): warning C4290: C++ exception specification ignored except to indicate a function is not __declspec(nothrow)
     1>c:\users\ariel\desktop\cpp project\part 3\university\university\student.h(25): warning C4290: C++ exception specification ignored except to indicate a function is not __declspec(nothrow)
     1>c:\users\ariel\desktop\cpp project\part 3\university\university\student.h(40): warning C4290: C++ exception specification ignored except to indicate a function is not __declspec(nothrow)
     1>c:\users\ariel\desktop\cpp project\part 3\university\university\university.cpp(23): warning C4018: '<' : signed/unsigned mismatch
         Tutor.cpp
     1>c:\users\ariel\desktop\cpp project\part 3\university\university\date.h(25): warning C4290: C++ exception specification ignored except to indicate a function is not __declspec(nothrow)
     1>c:\users\ariel\desktop\cpp project\part 3\university\university\date.h(26): warning C4290: C++ exception specification ignored except to indicate a function is not __declspec(nothrow)
     1>c:\users\ariel\desktop\cpp project\part 3\university\university\date.h(27): warning C4290: C++ exception specification ignored except to indicate a function is not __declspec(nothrow)
     1>c:\users\ariel\desktop\cpp project\part 3\university\university\classroom.h(33): warning C4290: C++ exception specification ignored except to indicate a function is not __declspec(nothrow)
     1>c:\users\ariel\desktop\cpp project\part 3\university\university\address.h(26): warning C4290: C++ exception specification ignored except to indicate a function is not __declspec(nothrow)
     1>c:\users\ariel\desktop\cpp project\part 3\university\university\address.h(27): warning C4290: C++ exception specification ignored except to indicate a function is not __declspec(nothrow)
     1>c:\users\ariel\desktop\cpp project\part 3\university\university\address.h(28): warning C4290: C++ exception specification ignored except to indicate a function is not __declspec(nothrow)
         Student.cpp
     1>c:\users\ariel\desktop\cpp project\part 3\university\university\address.h(26): warning C4290: C++ exception specification ignored except to indicate a function is not __declspec(nothrow)
     1>c:\users\ariel\desktop\cpp project\part 3\university\university\address.h(27): warning C4290: C++ exception specification ignored except to indicate a function is not __declspec(nothrow)
     1>c:\users\ariel\desktop\cpp project\part 3\university\university\address.h(28): warning C4290: C++ exception specification ignored except to indicate a function is not __declspec(nothrow)
     1>c:\users\ariel\desktop\cpp project\part 3\university\university\date.h(25): warning C4290: C++ exception specification ignored except to indicate a function is not __declspec(nothrow)
     1>c:\users\ariel\desktop\cpp project\part 3\university\university\date.h(26): warning C4290: C++ exception specification ignored except to indicate a function is not __declspec(nothrow)
     1>c:\users\ariel\desktop\cpp project\part 3\university\university\date.h(27): warning C4290: C++ exception specification ignored except to indicate a function is not __declspec(nothrow)
     1>c:\users\ariel\desktop\cpp project\part 3\university\university\classroom.h(33): warning C4290: C++ exception specification ignored except to indicate a function is not __declspec(nothrow)
     1>c:\users\ariel\desktop\cpp project\part 3\university\university\student.h(25): warning C4290: C++ exception specification ignored except to indicate a function is not __declspec(nothrow)
     1>c:\users\ariel\desktop\cpp project\part 3\university\university\student.h(40): warning C4290: C++ exception specification ignored except to indicate a function is not __declspec(nothrow)
     1>c:\users\ariel\desktop\cpp project\part 3\university\university\student.cpp(117): warning C4290: C++ exception specification ignored except to indicate a function is not __declspec(nothrow)
         Person.cpp
     1>c:\users\ariel\desktop\cpp project\part 3\university\university\address.h(26): warning C4290: C++ exception specification ignored except to indicate a function is not __declspec(nothrow)
     1>c:\users\ariel\desktop\cpp project\part 3\university\university\address.h(27): warning C4290: C++ exception specification ignored except to indicate a function is not __declspec(nothrow)
     1>c:\users\ariel\desktop\cpp project\part 3\university\university\address.h(28): warning C4290: C++ exception specification ignored except to indicate a function is not __declspec(nothrow)
     1>c:\users\ariel\desktop\cpp project\part 3\university\university\date.h(25): warning C4290: C++ exception specification ignored except to indicate a function is not __declspec(nothrow)
     1>c:\users\ariel\desktop\cpp project\part 3\university\university\date.h(26): warning C4290: C++ exception specification ignored except to indicate a function is not __declspec(nothrow)
     1>c:\users\ariel\desktop\cpp project\part 3\university\university\date.h(27): warning C4290: C++ exception specification ignored except to indicate a function is not __declspec(nothrow)
         Generating Code...
     1>c:\users\ariel\desktop\cpp project\part 3\university\university\student.cpp(129): warning C4715: 'Student::setGrade' : not all control paths return a value
       ManifestResourceCompile:
         All outputs are up-to-date.
       Link:
         d:\DPrograms\Microsoft Visual Studio 10.0\VC\bin\link.exe /ERRORREPORT:PROMPT /OUT:"C:\Users\ariel\Desktop\CPP Project\Part 3\University\Debug\University.exe" /INCREMENTAL /NOLOGO kernel32.lib user32.lib gdi32.lib winspool.lib comdlg32.lib advapi32.lib shell32.lib ole32.lib oleaut32.lib uuid.lib odbc32.lib odbccp32.lib /MANIFEST /ManifestFile:"Debug\University.exe.intermediate.manifest" /MANIFESTUAC:"level='asInvoker' uiAccess='false'" /DEBUG /PDB:"C:\Users\ariel\Desktop\CPP Project\Part 3\University\Debug\University.pdb" /SUBSYSTEM:CONSOLE /TLBID:1 /DYNAMICBASE /NXCOMPAT /IMPLIB:"C:\Users\ariel\Desktop\CPP Project\Part 3\University\Debug\University.lib" /MACHINE:X86 Debug\University.exe.embed.manifest.res
         Debug\Cleaner.obj
         Debug\Course.obj
         Debug\Employee.obj
         Debug\Lecturer.obj
         Debug\Student.obj
         Debug\Tutor.obj
         Debug\TutorStudent.obj
         Debug\Unemployee.obj
         Debug\University.obj
         Debug\Worker.obj
         Debug\Department.obj
         Debug\main.obj
         Debug\Address.obj
         Debug\ClassRoom.obj
         Debug\Date.obj
         Debug\Person.obj
       Manifest:
         C:\Program Files (x86)\Microsoft SDKs\Windows\v7.0A\bin\mt.exe /nologo /verbose /out:"Debug\University.exe.embed.manifest" /manifest Debug\University.exe.intermediate.manifest
         All outputs are up-to-date.
       LinkEmbedManifest:
         All outputs are up-to-date.
         University.vcxproj -> C:\Users\ariel\Desktop\CPP Project\Part 3\University\Debug\University.exe
       FinalizeBuildStatus:
         Deleting file "Debug\University.unsuccessfulbuild".
         Touching "Debug\University.lastbuildstate".
     1>Done Building Project "C:\Users\ariel\Desktop\CPP Project\Part 3\University\University\University.vcxproj" (build target(s)).

Build succeeded.

Time Elapsed 00:00:02.15
